<?xml version="1.0" encoding="UTF-8"?>
<testng-results skipped="0" failed="0" total="1" passed="1">
  <reporter-output>
  </reporter-output>
  <suite name="Suite" duration-ms="19604" started-at="2017-09-12T04:37:43Z" finished-at="2017-09-12T04:38:02Z">
    <groups>
    </groups>
    <test name="Test" duration-ms="19604" started-at="2017-09-12T04:37:43Z" finished-at="2017-09-12T04:38:02Z">
      <class name="TestExample.CopyOfTestExample">
        <test-method status="PASS" signature="beforeTest()[pri:0, instance:TestExample.CopyOfTestExample@4909b8da]" name="beforeTest" is-config="true" duration-ms="5107" started-at="2017-09-12T13:37:43Z" finished-at="2017-09-12T13:37:48Z">
          <reporter-output>
          </reporter-output>
        </test-method> <!-- beforeTest -->
        <test-method status="PASS" signature="Login()[pri:0, instance:TestExample.CopyOfTestExample@4909b8da]" name="Login" duration-ms="13459" started-at="2017-09-12T13:37:48Z" finished-at="2017-09-12T13:38:01Z">
          <reporter-output>
          </reporter-output>
        </test-method> <!-- Login -->
        <test-method status="PASS" signature="afterTest()[pri:0, instance:TestExample.CopyOfTestExample@4909b8da]" name="afterTest" is-config="true" duration-ms="1029" started-at="2017-09-12T13:38:01Z" finished-at="2017-09-12T13:38:02Z">
          <reporter-output>
          </reporter-output>
        </test-method> <!-- afterTest -->
      </class> <!-- TestExample.CopyOfTestExample -->
    </test> <!-- Test -->
  </suite> <!-- Suite -->
</testng-results>
