<?xml version="1.0" encoding="UTF-8"?>
<testng-results skipped="0" failed="0" total="1" passed="1">
  <reporter-output>
  </reporter-output>
  <suite name="Suite" duration-ms="16368" started-at="2017-09-07T06:16:36Z" finished-at="2017-09-07T06:16:52Z">
    <groups>
    </groups>
    <test name="Test" duration-ms="16368" started-at="2017-09-07T06:16:36Z" finished-at="2017-09-07T06:16:52Z">
      <class name="TestExample.TestExample">
        <test-method status="PASS" signature="beforeTest()[pri:0, instance:TestExample.TestExample@4909b8da]" name="beforeTest" is-config="true" duration-ms="5769" started-at="2017-09-07T15:16:36Z" finished-at="2017-09-07T15:16:41Z">
          <reporter-output>
          </reporter-output>
        </test-method> <!-- beforeTest -->
        <test-method status="PASS" signature="Login()[pri:0, instance:TestExample.TestExample@4909b8da]" name="Login" duration-ms="9512" started-at="2017-09-07T15:16:41Z" finished-at="2017-09-07T15:16:51Z">
          <reporter-output>
          </reporter-output>
        </test-method> <!-- Login -->
        <test-method status="PASS" signature="afterTest()[pri:0, instance:TestExample.TestExample@4909b8da]" name="afterTest" is-config="true" duration-ms="1079" started-at="2017-09-07T15:16:51Z" finished-at="2017-09-07T15:16:52Z">
          <reporter-output>
          </reporter-output>
        </test-method> <!-- afterTest -->
      </class> <!-- TestExample.TestExample -->
    </test> <!-- Test -->
  </suite> <!-- Suite -->
</testng-results>
